== 2023-10-25 12:47:33,210 easyblock.py:313 INFO This is EasyBuild 4.7.1 (framework: 4.7.1, easyblocks: 4.7.1) on host node400.hydra.os.
== 2023-10-25 12:47:33,210 easyblock.py:319 INFO This is easyblock CMakeMake from module easybuild.easyblocks.generic.cmakemake (/apps/brussel/CO7/zen2-ib/software/EasyBuild/4.7.1/lib/python3.6/site-packages/easybuild/easyblocks/generic/cmakemake.py)
== 2023-10-25 12:47:33,210 easyblock.py:1040 INFO Build dir set to /tmp/vsc10800/nanoflann/1.5.0/GCCcore-11.3.0
== 2023-10-25 12:47:33,211 easyblock.py:1097 INFO Software install dir set to /scratch/brussel/108/vsc10800/easybuild/software/nanoflann/1.5.0-GCCcore-11.3.0
== 2023-10-25 12:47:33,211 easyblock.py:1102 INFO Module install dir set to /scratch/brussel/108/vsc10800/easybuild/modules/all
== 2023-10-25 12:47:33,211 easyblock.py:288 INFO Init completed for application name nanoflann version 1.5.0
== 2023-10-25 12:47:33,211 easyblock.py:4175 INFO Obtained application instance of for nanoflann (easyblock: CMakeMake)
== 2023-10-25 12:47:33,211 easyconfig.py:1690 INFO Generating template values...
== 2023-10-25 12:47:33,211 easyconfig.py:1709 INFO Template values: arch='x86_64', bitbucket_account='nanoflann', github_account='jlblancoc', module_name='nanoflann/1.5.0-GCCcore-11.3.0', name='nanoflann', nameletter='n', nameletterlower='n', namelower='nanoflann', toolchain_name='GCCcore', toolchain_version='11.3.0', version='1.5.0', version_major='1', version_major_minor='1.5', version_minor='5', versionprefix='', versionsuffix=''
== 2023-10-25 12:47:33,212 one.py:180 INFO Skipping reformatting value for parameter 'toolchain'
== 2023-10-25 12:47:33,212 one.py:180 INFO Skipping reformatting value for parameter 'toolchainopts'
== 2023-10-25 12:47:33,213 filetools.py:1918 INFO Creating directory /tmp/eb-xkwqcn_e/reprod_20231025124733_27735 (parents: True, set_gid: False, sticky: False)
== 2023-10-25 12:47:33,213 easyblock.py:4429 INFO Dumped easyconfig instance to /tmp/eb-xkwqcn_e/reprod_20231025124733_27735/nanoflann-1.5.0-GCCcore-11.3.0.eb
== 2023-10-25 12:47:33,215 filetools.py:1918 INFO Creating directory /tmp/eb-xkwqcn_e/reprod_20231025124733_27735/easyblocks (parents: True, set_gid: False, sticky: False)
== 2023-10-25 12:47:33,217 filetools.py:2431 INFO /apps/brussel/CO7/zen2-ib/software/EasyBuild/4.7.1/lib/python3.6/site-packages/easybuild/easyblocks/generic/cmakemake.py copied to /tmp/eb-xkwqcn_e/reprod_20231025124733_27735/easyblocks/cmakemake.py
== 2023-10-25 12:47:33,217 easyblock.py:4409 INFO Dumped easyblock cmakemake.py required for reproduction to /tmp/eb-xkwqcn_e/reprod_20231025124733_27735/easyblocks
== 2023-10-25 12:47:33,220 filetools.py:2431 INFO /apps/brussel/CO7/zen2-ib/software/EasyBuild/4.7.1/lib/python3.6/site-packages/easybuild/easyblocks/generic/configuremake.py copied to /tmp/eb-xkwqcn_e/reprod_20231025124733_27735/easyblocks/configuremake.py
== 2023-10-25 12:47:33,220 easyblock.py:4409 INFO Dumped easyblock configuremake.py required for reproduction to /tmp/eb-xkwqcn_e/reprod_20231025124733_27735/easyblocks
== 2023-10-25 12:47:33,222 easyblock.py:2188 INFO Number of iterations to perform for central part of installation procedure: 1
== 2023-10-25 12:47:33,222 build_log.py:267 INFO building and installing nanoflann/1.5.0-GCCcore-11.3.0...
== 2023-10-25 12:47:33,227 filetools.py:2011 INFO Lock /scratch/brussel/108/vsc10800/easybuild/software/.locks/_scratch_brussel_108_vsc10800_easybuild_software_nanoflann_1.5.0-GCCcore-11.3.0.lock does not exist
== 2023-10-25 12:47:33,227 filetools.py:1952 INFO Creating lock at /scratch/brussel/108/vsc10800/easybuild/software/.locks/_scratch_brussel_108_vsc10800_easybuild_software_nanoflann_1.5.0-GCCcore-11.3.0.lock...
== 2023-10-25 12:47:33,227 filetools.py:1918 INFO Creating directory /scratch/brussel/108/vsc10800/easybuild/software/.locks/_scratch_brussel_108_vsc10800_easybuild_software_nanoflann_1.5.0-GCCcore-11.3.0.lock (parents: True, set_gid: False, sticky: False)
== 2023-10-25 12:47:33,256 filetools.py:1961 INFO Lock created: /scratch/brussel/108/vsc10800/easybuild/software/.locks/_scratch_brussel_108_vsc10800_easybuild_software_nanoflann_1.5.0-GCCcore-11.3.0.lock
== 2023-10-25 12:47:33,256 build_log.py:267 INFO fetching files...
== 2023-10-25 12:47:33,258 easyblock.py:3901 INFO Starting fetch step
== 2023-10-25 12:47:33,258 easyconfig.py:1690 INFO Generating template values...
== 2023-10-25 12:47:33,258 easyconfig.py:1709 INFO Template values: arch='x86_64', bitbucket_account='nanoflann', builddir='/tmp/vsc10800/nanoflann/1.5.0/GCCcore-11.3.0', github_account='jlblancoc', installdir='/scratch/brussel/108/vsc10800/easybuild/software/nanoflann/1.5.0-GCCcore-11.3.0', module_name='nanoflann/1.5.0-GCCcore-11.3.0', name='nanoflann', nameletter='n', nameletterlower='n', namelower='nanoflann', start_dir='None', toolchain_name='GCCcore', toolchain_version='11.3.0', version='1.5.0', version_major='1', version_major_minor='1.5', version_minor='5', versionprefix='', versionsuffix=''
== 2023-10-25 12:47:33,258 easyblock.py:3909 INFO Running method fetch_step part of step fetch
== 2023-10-25 12:47:33,258 easyblock.py:2310 WARNING Easyconfig does not specify an EasyBuild-version (key 'easybuild_version')! Assuming the latest version
== 2023-10-25 12:47:33,259 easyblock.py:803 INFO Considering directory in which easyconfig file is located when searching for v1.5.0.tar.gz: /theia/scratch/brussel/108/vsc10800/myeasyconfigs/EMBER3D/2022aCUDA
== 2023-10-25 12:47:33,259 tools.py:273 INFO Found location to 'eb' script via $EB_SCRIPT_PATH: /apps/brussel/CO7/zen2-ib/software/EasyBuild/4.7.1/bin/eb
== 2023-10-25 12:47:33,259 tools.py:287 INFO Also considering installation prefix /apps/brussel/CO7/zen2-ib/software/EasyBuild/4.7.1 (determined via path to 'eb' script)...
== 2023-10-25 12:47:33,265 easyblock.py:844 INFO Found file v1.5.0.tar.gz at /scratch/brussel/108/vsc10800/easybuild/sources/n/nanoflann/v1.5.0.tar.gz
== 2023-10-25 12:47:33,265 easyblock.py:496 INFO Added sources: [{'name': 'v1.5.0.tar.gz', 'path': '/scratch/brussel/108/vsc10800/easybuild/sources/n/nanoflann/v1.5.0.tar.gz', 'cmd': None, 'checksum': {'v1.5.0.tar.gz': '89aecfef1a956ccba7e40f24561846d064f309bc547cc184af7f4426e42f8e65'}, 'finalpath': '/tmp/vsc10800/nanoflann/1.5.0/GCCcore-11.3.0'}]
== 2023-10-25 12:47:33,266 easyblock.py:803 INFO Considering directory in which easyconfig file is located when searching for nanoflann-1.5.0_use_external_googletest.patch: /theia/scratch/brussel/108/vsc10800/myeasyconfigs/EMBER3D/2022aCUDA
== 2023-10-25 12:47:33,266 tools.py:273 INFO Found location to 'eb' script via $EB_SCRIPT_PATH: /apps/brussel/CO7/zen2-ib/software/EasyBuild/4.7.1/bin/eb
== 2023-10-25 12:47:33,266 tools.py:287 INFO Also considering installation prefix /apps/brussel/CO7/zen2-ib/software/EasyBuild/4.7.1 (determined via path to 'eb' script)...
== 2023-10-25 12:47:33,266 easyblock.py:844 INFO Found file nanoflann-1.5.0_use_external_googletest.patch at /theia/scratch/brussel/108/vsc10800/myeasyconfigs/EMBER3D/2022aCUDA/nanoflann-1.5.0_use_external_googletest.patch
== 2023-10-25 12:47:33,266 easyblock.py:535 INFO Added patches: [{'name': 'nanoflann-1.5.0_use_external_googletest.patch', 'postinstall': False, 'path': '/theia/scratch/brussel/108/vsc10800/myeasyconfigs/EMBER3D/2022aCUDA/nanoflann-1.5.0_use_external_googletest.patch', 'checksum': {'nanoflann-1.5.0_use_external_googletest.patch': '5f0b99b0558bdf76c19d52eb82d10cdcc104eb6c2fb1891e033b5c96fb47f7b9'}}]
== 2023-10-25 12:47:33,284 easyblock.py:2363 INFO md5 checksum for /scratch/brussel/108/vsc10800/easybuild/sources/n/nanoflann/v1.5.0.tar.gz: 45474b17a8db57be86259816875c4209
== 2023-10-25 12:47:33,285 easyblock.py:2363 INFO sha256 checksum for /scratch/brussel/108/vsc10800/easybuild/sources/n/nanoflann/v1.5.0.tar.gz: 89aecfef1a956ccba7e40f24561846d064f309bc547cc184af7f4426e42f8e65
== 2023-10-25 12:47:33,285 easyblock.py:2363 INFO md5 checksum for /theia/scratch/brussel/108/vsc10800/myeasyconfigs/EMBER3D/2022aCUDA/nanoflann-1.5.0_use_external_googletest.patch: a40cb666b4fbc8007d577fa7c8f1fe59
== 2023-10-25 12:47:33,285 easyblock.py:2363 INFO sha256 checksum for /theia/scratch/brussel/108/vsc10800/myeasyconfigs/EMBER3D/2022aCUDA/nanoflann-1.5.0_use_external_googletest.patch: 5f0b99b0558bdf76c19d52eb82d10cdcc104eb6c2fb1891e033b5c96fb47f7b9
== 2023-10-25 12:47:33,296 easyblock.py:2398 INFO Checking dirs that need to be created: ['/scratch/brussel/108/vsc10800/easybuild/software/nanoflann/1.5.0-GCCcore-11.3.0', '/scratch/brussel/108/vsc10800/easybuild/modules/all/nanoflann', '/scratch/brussel/108/vsc10800/easybuild/modules/lib/nanoflann']
== 2023-10-25 12:47:33,326 configuremake.py:95 INFO config.guess version: 2018-08-29 (last updated: 2023-06-16T15:52:35.248057, SHA256 checksum: c02eb9cc55c86cfd1e9a794e548d25db5c9539e7b2154beb649bc6e2cbffc74c)
== 2023-10-25 12:47:33,326 configuremake.py:150 INFO Found config.guess at /scratch/brussel/108/vsc10800/easybuild/sources/generic/eb_v4.7.1/ConfigureMake/config.guess
== 2023-10-25 12:47:33,326 build_log.py:267 INFO ... (took < 1 sec)
== 2023-10-25 12:47:33,328 build_log.py:267 INFO creating build dir, resetting environment...
== 2023-10-25 12:47:33,330 easyblock.py:3901 INFO Starting ready step
== 2023-10-25 12:47:33,330 easyconfig.py:1690 INFO Generating template values...
== 2023-10-25 12:47:33,330 easyconfig.py:1709 INFO Template values: arch='x86_64', bitbucket_account='nanoflann', builddir='/tmp/vsc10800/nanoflann/1.5.0/GCCcore-11.3.0', github_account='jlblancoc', installdir='/scratch/brussel/108/vsc10800/easybuild/software/nanoflann/1.5.0-GCCcore-11.3.0', module_name='nanoflann/1.5.0-GCCcore-11.3.0', name='nanoflann', nameletter='n', nameletterlower='n', namelower='nanoflann', start_dir='None', toolchain_name='GCCcore', toolchain_version='11.3.0', version='1.5.0', version_major='1', version_major_minor='1.5', version_minor='5', versionprefix='', versionsuffix=''
== 2023-10-25 12:47:33,330 easyblock.py:3909 INFO Running method check_readiness_step part of step ready
== 2023-10-25 12:47:33,334 run.py:236 INFO running cmd: ulimit -u 
== 2023-10-25 12:47:33,350 easyblock.py:2207 INFO Setting parallelism: 1
== 2023-10-25 12:47:33,391 easyblock.py:2259 WARNING Loaded modules detected: ['EasyBuild/4.7.1']
== 2023-10-25 12:47:33,392 easyblock.py:3909 INFO Running method make_builddir part of step ready
== 2023-10-25 12:47:33,392 filetools.py:1918 INFO Creating directory /tmp/vsc10800/nanoflann/1.5.0/GCCcore-11.3.0 (parents: True, set_gid: False, sticky: False)
== 2023-10-25 12:47:33,395 easyblock.py:3909 INFO Running method reset_env part of step ready
== 2023-10-25 12:47:33,395 easyblock.py:3909 INFO Running method handle_iterate_opts part of step ready
== 2023-10-25 12:47:33,395 easyconfig.py:1690 INFO Generating template values...
== 2023-10-25 12:47:33,395 easyconfig.py:1709 INFO Template values: arch='x86_64', bitbucket_account='nanoflann', builddir='/tmp/vsc10800/nanoflann/1.5.0/GCCcore-11.3.0', github_account='jlblancoc', installdir='/scratch/brussel/108/vsc10800/easybuild/software/nanoflann/1.5.0-GCCcore-11.3.0', module_name='nanoflann/1.5.0-GCCcore-11.3.0', name='nanoflann', nameletter='n', nameletterlower='n', namelower='nanoflann', parallel='1', start_dir='None', toolchain_name='GCCcore', toolchain_version='11.3.0', version='1.5.0', version_major='1', version_major_minor='1.5', version_minor='5', versionprefix='', versionsuffix=''
== 2023-10-25 12:47:33,395 build_log.py:267 INFO ... (took < 1 sec)
== 2023-10-25 12:47:33,398 build_log.py:267 INFO unpacking...
== 2023-10-25 12:47:33,400 easyblock.py:3901 INFO Starting source step
== 2023-10-25 12:47:33,400 easyconfig.py:1690 INFO Generating template values...
== 2023-10-25 12:47:33,400 easyconfig.py:1709 INFO Template values: arch='x86_64', bitbucket_account='nanoflann', builddir='/tmp/vsc10800/nanoflann/1.5.0/GCCcore-11.3.0', github_account='jlblancoc', installdir='/scratch/brussel/108/vsc10800/easybuild/software/nanoflann/1.5.0-GCCcore-11.3.0', module_name='nanoflann/1.5.0-GCCcore-11.3.0', name='nanoflann', nameletter='n', nameletterlower='n', namelower='nanoflann', parallel='1', start_dir='None', toolchain_name='GCCcore', toolchain_version='11.3.0', version='1.5.0', version_major='1', version_major_minor='1.5', version_minor='5', versionprefix='', versionsuffix=''
== 2023-10-25 12:47:33,400 easyblock.py:3909 INFO Running method checksum_step part of step source
== 2023-10-25 12:47:33,401 easyblock.py:2416 INFO Checksum verification for /scratch/brussel/108/vsc10800/easybuild/sources/n/nanoflann/v1.5.0.tar.gz using {'v1.5.0.tar.gz': '89aecfef1a956ccba7e40f24561846d064f309bc547cc184af7f4426e42f8e65'} passed.
== 2023-10-25 12:47:33,401 easyblock.py:2416 INFO Checksum verification for /theia/scratch/brussel/108/vsc10800/myeasyconfigs/EMBER3D/2022aCUDA/nanoflann-1.5.0_use_external_googletest.patch using {'nanoflann-1.5.0_use_external_googletest.patch': '5f0b99b0558bdf76c19d52eb82d10cdcc104eb6c2fb1891e033b5c96fb47f7b9'} passed.
== 2023-10-25 12:47:33,401 easyblock.py:3909 INFO Running method extract_step part of step source
== 2023-10-25 12:47:33,401 easyblock.py:2528 INFO Unpacking source v1.5.0.tar.gz
== 2023-10-25 12:47:33,405 run.py:236 INFO running cmd: tar xzf /scratch/brussel/108/vsc10800/easybuild/sources/n/nanoflann/v1.5.0.tar.gz 
== 2023-10-25 12:47:33,427 build_log.py:267 INFO ... (took < 1 sec)
== 2023-10-25 12:47:33,429 build_log.py:267 INFO patching...
== 2023-10-25 12:47:33,431 easyblock.py:3901 INFO Starting patch step
== 2023-10-25 12:47:33,431 easyconfig.py:1690 INFO Generating template values...
== 2023-10-25 12:47:33,432 easyconfig.py:1709 INFO Template values: arch='x86_64', bitbucket_account='nanoflann', builddir='/tmp/vsc10800/nanoflann/1.5.0/GCCcore-11.3.0', github_account='jlblancoc', installdir='/scratch/brussel/108/vsc10800/easybuild/software/nanoflann/1.5.0-GCCcore-11.3.0', module_name='nanoflann/1.5.0-GCCcore-11.3.0', name='nanoflann', nameletter='n', nameletterlower='n', namelower='nanoflann', parallel='1', start_dir='None', toolchain_name='GCCcore', toolchain_version='11.3.0', version='1.5.0', version_major='1', version_major_minor='1.5', version_minor='5', versionprefix='', versionsuffix=''
== 2023-10-25 12:47:33,432 easyblock.py:3909 INFO Running method patch_step part of step patch
== 2023-10-25 12:47:33,432 easyblock.py:2546 INFO Applying patch nanoflann-1.5.0_use_external_googletest.patch
== 2023-10-25 12:47:33,435 run.py:236 INFO running cmd: patch -p1 -i /theia/scratch/brussel/108/vsc10800/myeasyconfigs/EMBER3D/2022aCUDA/nanoflann-1.5.0_use_external_googletest.patch 
== 2023-10-25 12:47:33,463 build_log.py:267 INFO ... (took < 1 sec)
== 2023-10-25 12:47:33,468 build_log.py:267 INFO preparing...
== 2023-10-25 12:47:33,470 easyblock.py:3901 INFO Starting prepare step
== 2023-10-25 12:47:33,470 easyconfig.py:1690 INFO Generating template values...
== 2023-10-25 12:47:33,470 easyconfig.py:1709 INFO Template values: arch='x86_64', bitbucket_account='nanoflann', builddir='/tmp/vsc10800/nanoflann/1.5.0/GCCcore-11.3.0', github_account='jlblancoc', installdir='/scratch/brussel/108/vsc10800/easybuild/software/nanoflann/1.5.0-GCCcore-11.3.0', module_name='nanoflann/1.5.0-GCCcore-11.3.0', name='nanoflann', nameletter='n', nameletterlower='n', namelower='nanoflann', parallel='1', start_dir='None', toolchain_name='GCCcore', toolchain_version='11.3.0', version='1.5.0', version_major='1', version_major_minor='1.5', version_minor='5', versionprefix='', versionsuffix=''
== 2023-10-25 12:47:33,470 easyblock.py:3909 INFO Running method prepare_step part of step prepare
== 2023-10-25 12:47:33,471 modules.py:626 INFO Checking whether binutils/2.38-GCCcore-11.3.0 exists...
== 2023-10-25 12:47:33,471 modules.py:631 INFO Module binutils/2.38-GCCcore-11.3.0 exists (found in list of available modules)
== 2023-10-25 12:47:33,471 modules.py:654 INFO Result for existence check of binutils/2.38-GCCcore-11.3.0 module: True
== 2023-10-25 12:47:33,471 modules.py:626 INFO Checking whether CMake/3.24.3-GCCcore-11.3.0 exists...
== 2023-10-25 12:47:33,471 modules.py:631 INFO Module CMake/3.24.3-GCCcore-11.3.0 exists (found in list of available modules)
== 2023-10-25 12:47:33,471 modules.py:654 INFO Result for existence check of CMake/3.24.3-GCCcore-11.3.0 module: True
== 2023-10-25 12:47:33,471 modules.py:626 INFO Checking whether googletest/1.11.0-GCCcore-11.3.0 exists...
== 2023-10-25 12:47:33,471 modules.py:631 INFO Module googletest/1.11.0-GCCcore-11.3.0 exists (found in list of available modules)
== 2023-10-25 12:47:33,471 modules.py:654 INFO Result for existence check of googletest/1.11.0-GCCcore-11.3.0 module: True
== 2023-10-25 12:47:33,472 modules.py:626 INFO Checking whether GCCcore/11.3.0 exists...
== 2023-10-25 12:47:33,472 modules.py:634 INFO Module GCCcore/11.3.0 not found in list of available modules, checking via 'module show'...
== 2023-10-25 12:47:39,747 modules.py:654 INFO Result for existence check of GCCcore/11.3.0 module: True
== 2023-10-25 12:47:52,922 environment.py:93 INFO Environment variable LD_LIBRARY_PATH set to /apps/brussel/CO7/zen2-ib/software/binutils/2.38-GCCcore-11.3.0/lib:/apps/brussel/CO7/zen2-ib/software/zlib/1.2.12-GCCcore-11.3.0/lib:/apps/brussel/CO7/zen2-ib/software/GCCcore/11.3.0/lib64 (previous value: '/apps/brussel/CO7/zen2-ib/software/binutils/2.38-GCCcore-11.3.0/lib:/apps/brussel/CO7/zen2-ib/software/zlib/1.2.12-GCCcore-11.3.0/lib')
== 2023-10-25 12:47:59,863 environment.py:93 INFO Environment variable LD_LIBRARY_PATH set to /apps/brussel/CO7/zen2-ib/software/libarchive/3.6.1-GCCcore-11.3.0/lib:/apps/brussel/CO7/zen2-ib/software/XZ/5.2.5-GCCcore-11.3.0/lib:/apps/brussel/CO7/zen2-ib/software/cURL/7.83.0-GCCcore-11.3.0/lib:/apps/brussel/CO7/zen2-ib/software/OpenSSL/1.1/lib:/apps/brussel/CO7/zen2-ib/software/bzip2/1.0.8-GCCcore-11.3.0/lib:/apps/brussel/CO7/zen2-ib/software/ncurses/6.3-GCCcore-11.3.0/lib:/apps/brussel/CO7/zen2-ib/software/binutils/2.38-GCCcore-11.3.0/lib:/apps/brussel/CO7/zen2-ib/software/zlib/1.2.12-GCCcore-11.3.0/lib:/apps/brussel/CO7/zen2-ib/software/GCCcore/11.3.0/lib64 (previous value: '/apps/brussel/CO7/zen2-ib/software/libarchive/3.6.1-GCCcore-11.3.0/lib:/apps/brussel/CO7/zen2-ib/software/XZ/5.2.5-GCCcore-11.3.0/lib:/apps/brussel/CO7/zen2-ib/software/cURL/7.83.0-GCCcore-11.3.0/lib:/apps/brussel/CO7/zen2-ib/software/OpenSSL/1.1/lib:/apps/brussel/CO7/zen2-ib/software/bzip2/1.0.8-GCCcore-11.3.0/lib:/apps/brussel/CO7/zen2-ib/software/ncurses/6.3-GCCcore-11.3.0/lib')
== 2023-10-25 12:48:06,791 environment.py:93 INFO Environment variable LD_LIBRARY_PATH set to /apps/brussel/CO7/zen2-ib/software/googletest/1.11.0-GCCcore-11.3.0/lib:/apps/brussel/CO7/zen2-ib/software/libarchive/3.6.1-GCCcore-11.3.0/lib:/apps/brussel/CO7/zen2-ib/software/XZ/5.2.5-GCCcore-11.3.0/lib:/apps/brussel/CO7/zen2-ib/software/cURL/7.83.0-GCCcore-11.3.0/lib:/apps/brussel/CO7/zen2-ib/software/OpenSSL/1.1/lib:/apps/brussel/CO7/zen2-ib/software/bzip2/1.0.8-GCCcore-11.3.0/lib:/apps/brussel/CO7/zen2-ib/software/ncurses/6.3-GCCcore-11.3.0/lib:/apps/brussel/CO7/zen2-ib/software/binutils/2.38-GCCcore-11.3.0/lib:/apps/brussel/CO7/zen2-ib/software/zlib/1.2.12-GCCcore-11.3.0/lib:/apps/brussel/CO7/zen2-ib/software/GCCcore/11.3.0/lib64 (previous value: '/apps/brussel/CO7/zen2-ib/software/googletest/1.11.0-GCCcore-11.3.0/lib')
== 2023-10-25 12:48:06,804 modules.py:626 INFO Checking whether GCCcore/11.3.0 exists...
== 2023-10-25 12:48:06,804 modules.py:634 INFO Module GCCcore/11.3.0 not found in list of available modules, checking via 'module show'...
== 2023-10-25 12:48:06,804 modules.py:654 INFO Result for existence check of GCCcore/11.3.0 module: True
== 2023-10-25 12:48:06,808 toolchain.py:762 INFO List of toolchain dependency modules and toolchain definition match!
== 2023-10-25 12:48:06,811 compiler.py:363 INFO _set_optimal_architecture: using march=native as optarch for x86_64.
== 2023-10-25 12:48:06,815 variables.py:203 WARNING flags_for_subdirs: directory /apps/brussel/CO7/zen2-ib/software/CMake/3.24.3-GCCcore-11.3.0/include was not found
== 2023-10-25 12:48:06,815 variables.py:203 WARNING flags_for_subdirs: directory /apps/brussel/CO7/zen2-ib/software/CMake/3.24.3-GCCcore-11.3.0/lib64 was not found
== 2023-10-25 12:48:06,815 variables.py:203 WARNING flags_for_subdirs: directory /apps/brussel/CO7/zen2-ib/software/CMake/3.24.3-GCCcore-11.3.0/lib was not found
== 2023-10-25 12:48:06,820 environment.py:93 INFO Environment variable CC set to gcc (previously undefined)
== 2023-10-25 12:48:06,820 environment.py:93 INFO Environment variable EBVARCC set to gcc (previously undefined)
== 2023-10-25 12:48:06,820 environment.py:93 INFO Environment variable CFLAGS set to -O2 -fno-tree-vectorize -march=native -fno-math-errno (previously undefined)
== 2023-10-25 12:48:06,820 environment.py:93 INFO Environment variable EBVARCFLAGS set to -O2 -fno-tree-vectorize -march=native -fno-math-errno (previously undefined)
== 2023-10-25 12:48:06,820 environment.py:93 INFO Environment variable CPPFLAGS set to -I/apps/brussel/CO7/zen2-ib/software/googletest/1.11.0-GCCcore-11.3.0/include -I/apps/brussel/CO7/zen2-ib/software/binutils/2.38-GCCcore-11.3.0/include (previously undefined)
== 2023-10-25 12:48:06,820 environment.py:93 INFO Environment variable EBVARCPPFLAGS set to -I/apps/brussel/CO7/zen2-ib/software/googletest/1.11.0-GCCcore-11.3.0/include -I/apps/brussel/CO7/zen2-ib/software/binutils/2.38-GCCcore-11.3.0/include (previously undefined)
== 2023-10-25 12:48:06,821 environment.py:93 INFO Environment variable CXX set to g++ (previously undefined)
== 2023-10-25 12:48:06,821 environment.py:93 INFO Environment variable EBVARCXX set to g++ (previously undefined)
== 2023-10-25 12:48:06,821 environment.py:93 INFO Environment variable CXXFLAGS set to -O2 -fno-tree-vectorize -march=native -fno-math-errno (previously undefined)
== 2023-10-25 12:48:06,821 environment.py:93 INFO Environment variable EBVARCXXFLAGS set to -O2 -fno-tree-vectorize -march=native -fno-math-errno (previously undefined)
== 2023-10-25 12:48:06,821 environment.py:93 INFO Environment variable F77 set to gfortran (previously undefined)
== 2023-10-25 12:48:06,821 environment.py:93 INFO Environment variable EBVARF77 set to gfortran (previously undefined)
== 2023-10-25 12:48:06,821 environment.py:93 INFO Environment variable F90 set to gfortran (previously undefined)
== 2023-10-25 12:48:06,821 environment.py:93 INFO Environment variable EBVARF90 set to gfortran (previously undefined)
== 2023-10-25 12:48:06,821 environment.py:93 INFO Environment variable F90FLAGS set to -O2 -fno-tree-vectorize -march=native -fno-math-errno (previously undefined)
== 2023-10-25 12:48:06,821 environment.py:93 INFO Environment variable EBVARF90FLAGS set to -O2 -fno-tree-vectorize -march=native -fno-math-errno (previously undefined)
== 2023-10-25 12:48:06,821 environment.py:93 INFO Environment variable FC set to gfortran (previously undefined)
== 2023-10-25 12:48:06,821 environment.py:93 INFO Environment variable EBVARFC set to gfortran (previously undefined)
== 2023-10-25 12:48:06,821 environment.py:93 INFO Environment variable FCFLAGS set to -O2 -fno-tree-vectorize -march=native -fno-math-errno (previously undefined)
== 2023-10-25 12:48:06,821 environment.py:93 INFO Environment variable EBVARFCFLAGS set to -O2 -fno-tree-vectorize -march=native -fno-math-errno (previously undefined)
== 2023-10-25 12:48:06,822 environment.py:93 INFO Environment variable FFLAGS set to -O2 -fno-tree-vectorize -march=native -fno-math-errno (previously undefined)
== 2023-10-25 12:48:06,822 environment.py:93 INFO Environment variable EBVARFFLAGS set to -O2 -fno-tree-vectorize -march=native -fno-math-errno (previously undefined)
== 2023-10-25 12:48:06,822 environment.py:93 INFO Environment variable FLIBS set to -lgfortran (previously undefined)
== 2023-10-25 12:48:06,822 environment.py:93 INFO Environment variable EBVARFLIBS set to -lgfortran (previously undefined)
== 2023-10-25 12:48:06,822 environment.py:93 INFO Environment variable LDFLAGS set to -L/apps/brussel/CO7/zen2-ib/software/googletest/1.11.0-GCCcore-11.3.0/lib64 -L/apps/brussel/CO7/zen2-ib/software/googletest/1.11.0-GCCcore-11.3.0/lib -L/apps/brussel/CO7/zen2-ib/software/binutils/2.38-GCCcore-11.3.0/lib64 -L/apps/brussel/CO7/zen2-ib/software/binutils/2.38-GCCcore-11.3.0/lib -L/apps/brussel/CO7/zen2-ib/software/GCCcore/11.3.0/lib64 -L/apps/brussel/CO7/zen2-ib/software/GCCcore/11.3.0/lib (previously undefined)
== 2023-10-25 12:48:06,822 environment.py:93 INFO Environment variable EBVARLDFLAGS set to -L/apps/brussel/CO7/zen2-ib/software/googletest/1.11.0-GCCcore-11.3.0/lib64 -L/apps/brussel/CO7/zen2-ib/software/googletest/1.11.0-GCCcore-11.3.0/lib -L/apps/brussel/CO7/zen2-ib/software/binutils/2.38-GCCcore-11.3.0/lib64 -L/apps/brussel/CO7/zen2-ib/software/binutils/2.38-GCCcore-11.3.0/lib -L/apps/brussel/CO7/zen2-ib/software/GCCcore/11.3.0/lib64 -L/apps/brussel/CO7/zen2-ib/software/GCCcore/11.3.0/lib (previously undefined)
== 2023-10-25 12:48:06,822 environment.py:93 INFO Environment variable LIBS set to -lm -lpthread (previously undefined)
== 2023-10-25 12:48:06,822 environment.py:93 INFO Environment variable EBVARLIBS set to -lm -lpthread (previously undefined)
== 2023-10-25 12:48:06,822 environment.py:93 INFO Environment variable OPTFLAGS set to -O2 -fno-tree-vectorize -march=native (previously undefined)
== 2023-10-25 12:48:06,822 environment.py:93 INFO Environment variable EBVAROPTFLAGS set to -O2 -fno-tree-vectorize -march=native (previously undefined)
== 2023-10-25 12:48:06,822 environment.py:93 INFO Environment variable PRECFLAGS set to -fno-math-errno (previously undefined)
== 2023-10-25 12:48:06,822 environment.py:93 INFO Environment variable EBVARPRECFLAGS set to -fno-math-errno (previously undefined)
== 2023-10-25 12:48:06,822 easyblock.py:2091 INFO Using /tmp/vsc10800/nanoflann/1.5.0/GCCcore-11.3.0/nanoflann-1.5.0/ as start dir
== 2023-10-25 12:48:06,823 build_log.py:267 INFO ... (took 33 secs)
== 2023-10-25 12:48:06,825 build_log.py:267 INFO configuring...
== 2023-10-25 12:48:06,827 easyblock.py:3901 INFO Starting configure step
== 2023-10-25 12:48:06,827 easyconfig.py:1690 INFO Generating template values...
== 2023-10-25 12:48:06,827 easyconfig.py:1709 INFO Template values: arch='x86_64', bitbucket_account='nanoflann', builddir='/tmp/vsc10800/nanoflann/1.5.0/GCCcore-11.3.0', github_account='jlblancoc', installdir='/scratch/brussel/108/vsc10800/easybuild/software/nanoflann/1.5.0-GCCcore-11.3.0', module_name='nanoflann/1.5.0-GCCcore-11.3.0', name='nanoflann', nameletter='n', nameletterlower='n', namelower='nanoflann', parallel='1', start_dir='/tmp/vsc10800/nanoflann/1.5.0/GCCcore-11.3.0/nanoflann-1.5.0/', toolchain_name='GCCcore', toolchain_version='11.3.0', version='1.5.0', version_major='1', version_major_minor='1.5', version_minor='5', versionprefix='', versionsuffix=''
== 2023-10-25 12:48:06,827 easyblock.py:3909 INFO Running method configure_step part of step configure
== 2023-10-25 12:48:06,827 environment.py:93 INFO Environment variable CMAKE_INCLUDE_PATH set to /apps/brussel/CO7/zen2-ib/software/binutils/2.38-GCCcore-11.3.0/include:/apps/brussel/CO7/zen2-ib/software/googletest/1.11.0-GCCcore-11.3.0/include:/apps/brussel/CO7/zen2-ib/software/libarchive/3.6.1-GCCcore-11.3.0/include:/apps/brussel/CO7/zen2-ib/software/XZ/5.2.5-GCCcore-11.3.0/include:/apps/brussel/CO7/zen2-ib/software/cURL/7.83.0-GCCcore-11.3.0/include:/apps/brussel/CO7/zen2-ib/software/OpenSSL/1.1/include:/apps/brussel/CO7/zen2-ib/software/bzip2/1.0.8-GCCcore-11.3.0/include:/apps/brussel/CO7/zen2-ib/software/ncurses/6.3-GCCcore-11.3.0/include:/apps/brussel/CO7/zen2-ib/software/zlib/1.2.12-GCCcore-11.3.0/include (previously undefined)
== 2023-10-25 12:48:06,828 environment.py:93 INFO Environment variable CMAKE_LIBRARY_PATH set to /apps/brussel/CO7/zen2-ib/software/GCCcore/11.3.0/lib64:/apps/brussel/CO7/zen2-ib/software/GCCcore/11.3.0/lib:/apps/brussel/CO7/zen2-ib/software/binutils/2.38-GCCcore-11.3.0/lib64:/apps/brussel/CO7/zen2-ib/software/binutils/2.38-GCCcore-11.3.0/lib:/apps/brussel/CO7/zen2-ib/software/googletest/1.11.0-GCCcore-11.3.0/lib64:/apps/brussel/CO7/zen2-ib/software/googletest/1.11.0-GCCcore-11.3.0/lib:/apps/brussel/CO7/zen2-ib/software/libarchive/3.6.1-GCCcore-11.3.0/lib:/apps/brussel/CO7/zen2-ib/software/XZ/5.2.5-GCCcore-11.3.0/lib:/apps/brussel/CO7/zen2-ib/software/cURL/7.83.0-GCCcore-11.3.0/lib:/apps/brussel/CO7/zen2-ib/software/OpenSSL/1.1/lib:/apps/brussel/CO7/zen2-ib/software/bzip2/1.0.8-GCCcore-11.3.0/lib:/apps/brussel/CO7/zen2-ib/software/ncurses/6.3-GCCcore-11.3.0/lib:/apps/brussel/CO7/zen2-ib/software/zlib/1.2.12-GCCcore-11.3.0/lib (previous value: '/apps/brussel/CO7/zen2-ib/software/GCCcore/11.3.0/lib64')
== 2023-10-25 12:48:06,828 environment.py:93 INFO Environment variable FC set to gfortran (previous value: 'gfortran')
== 2023-10-25 12:48:06,831 run.py:236 INFO running cmd:  cmake  -DCMAKE_INSTALL_PREFIX=/scratch/brussel/108/vsc10800/easybuild/software/nanoflann/1.5.0-GCCcore-11.3.0 -DCMAKE_BUILD_TYPE=Release -DCMAKE_VERBOSE_MAKEFILE=ON -DCMAKE_FIND_USE_PACKAGE_REGISTRY=OFF -DNANOFLANN_BUILD_TESTS=ON /tmp/vsc10800/nanoflann/1.5.0/GCCcore-11.3.0/nanoflann-1.5.0/ 
== 2023-10-25 12:48:08,924 run.py:648 INFO cmd " cmake  -DCMAKE_INSTALL_PREFIX=/scratch/brussel/108/vsc10800/easybuild/software/nanoflann/1.5.0-GCCcore-11.3.0 -DCMAKE_BUILD_TYPE=Release -DCMAKE_VERBOSE_MAKEFILE=ON -DCMAKE_FIND_USE_PACKAGE_REGISTRY=OFF -DNANOFLANN_BUILD_TESTS=ON /tmp/vsc10800/nanoflann/1.5.0/GCCcore-11.3.0/nanoflann-1.5.0/" exited with exit code 0 and output:
-- The C compiler identification is GNU 11.3.0
-- The CXX compiler identification is GNU 11.3.0
-- Detecting C compiler ABI info
-- Detecting C compiler ABI info - done
-- Check for working C compiler: /apps/brussel/CO7/zen2-ib/software/GCCcore/11.3.0/bin/gcc - skipped
-- Detecting C compile features
-- Detecting C compile features - done
-- Detecting CXX compiler ABI info
-- Detecting CXX compiler ABI info - done
-- Check for working CXX compiler: /apps/brussel/CO7/zen2-ib/software/GCCcore/11.3.0/bin/g++ - skipped
-- Detecting CXX compile features
-- Detecting CXX compile features - done
-- nanoflann version: 1.5.0
-- Performing Test CMAKE_HAVE_LIBC_PTHREAD
-- Performing Test CMAKE_HAVE_LIBC_PTHREAD - Failed
-- Looking for pthread_create in pthreads
-- Looking for pthread_create in pthreads - not found
-- Looking for pthread_create in pthread
-- Looking for pthread_create in pthread - found
-- Found Threads: TRUE  
-- Found GTest: /apps/brussel/CO7/zen2-ib/software/googletest/1.11.0-GCCcore-11.3.0/lib64/cmake/GTest/GTestConfig.cmake (found version "1.11.0")  
-- Configuring done
-- Generating done
-- Build files have been written to: /tmp/vsc10800/nanoflann/1.5.0/GCCcore-11.3.0/easybuild_obj

== 2023-10-25 12:48:08,924 run.py:701 INFO parse_log_for_error msg: Command used:  cmake  -DCMAKE_INSTALL_PREFIX=/scratch/brussel/108/vsc10800/easybuild/software/nanoflann/1.5.0-GCCcore-11.3.0 -DCMAKE_BUILD_TYPE=Release -DCMAKE_VERBOSE_MAKEFILE=ON -DCMAKE_FIND_USE_PACKAGE_REGISTRY=OFF -DNANOFLANN_BUILD_TESTS=ON /tmp/vsc10800/nanoflann/1.5.0/GCCcore-11.3.0/nanoflann-1.5.0/
== 2023-10-25 12:48:08,924 run.py:703 INFO parse_log_for_error (some may be harmless) regExp (?<![(,-]|\w)(?:error|segmentation fault|failed)(?![(,-]|\.?\w) found:
-- Performing Test CMAKE_HAVE_LIBC_PTHREAD - Failed
== 2023-10-25 12:48:08,924 run.py:660 WARNING Found 1 errors in command output (output: -- Performing Test CMAKE_HAVE_LIBC_PTHREAD - Failed)
== 2023-10-25 12:48:08,924 build_log.py:267 INFO ... (took 2 secs)
== 2023-10-25 12:48:08,926 build_log.py:267 INFO building...
== 2023-10-25 12:48:08,928 easyblock.py:3901 INFO Starting build step
== 2023-10-25 12:48:08,929 easyconfig.py:1690 INFO Generating template values...
== 2023-10-25 12:48:08,929 easyconfig.py:1709 INFO Template values: arch='x86_64', bitbucket_account='nanoflann', builddir='/tmp/vsc10800/nanoflann/1.5.0/GCCcore-11.3.0', github_account='jlblancoc', installdir='/scratch/brussel/108/vsc10800/easybuild/software/nanoflann/1.5.0-GCCcore-11.3.0', module_name='nanoflann/1.5.0-GCCcore-11.3.0', name='nanoflann', nameletter='n', nameletterlower='n', namelower='nanoflann', parallel='1', start_dir='/tmp/vsc10800/nanoflann/1.5.0/GCCcore-11.3.0/nanoflann-1.5.0/', toolchain_name='GCCcore', toolchain_version='11.3.0', version='1.5.0', version_major='1', version_major_minor='1.5', version_minor='5', versionprefix='', versionsuffix=''
== 2023-10-25 12:48:08,929 easyblock.py:3909 INFO Running method build_step part of step build
== 2023-10-25 12:48:08,929 configuremake.py:350 INFO Building target ''
== 2023-10-25 12:48:08,932 run.py:236 INFO running cmd:  make  -j 1  
== 2023-10-25 12:48:47,559 run.py:648 INFO cmd " make  -j 1 " exited with exit code 0 and output:
/vscmnt/brussel_pixiu_apps/_apps_brussel/CO7/zen2-ib/software/CMake/3.24.3-GCCcore-11.3.0/bin/cmake -S/tmp/vsc10800/nanoflann/1.5.0/GCCcore-11.3.0/nanoflann-1.5.0 -B/tmp/vsc10800/nanoflann/1.5.0/GCCcore-11.3.0/easybuild_obj --check-build-system CMakeFiles/Makefile.cmake 0
/vscmnt/brussel_pixiu_apps/_apps_brussel/CO7/zen2-ib/software/CMake/3.24.3-GCCcore-11.3.0/bin/cmake -E cmake_progress_start /tmp/vsc10800/nanoflann/1.5.0/GCCcore-11.3.0/easybuild_obj/CMakeFiles /tmp/vsc10800/nanoflann/1.5.0/GCCcore-11.3.0/easybuild_obj//CMakeFiles/progress.marks
make  -f CMakeFiles/Makefile2 all
make[1]: Entering directory `/tmp/vsc10800/nanoflann/1.5.0/GCCcore-11.3.0/easybuild_obj'
make  -f examples/CMakeFiles/dynamic_pointcloud_example.dir/build.make examples/CMakeFiles/dynamic_pointcloud_example.dir/depend
make[2]: Entering directory `/tmp/vsc10800/nanoflann/1.5.0/GCCcore-11.3.0/easybuild_obj'
cd /tmp/vsc10800/nanoflann/1.5.0/GCCcore-11.3.0/easybuild_obj && /vscmnt/brussel_pixiu_apps/_apps_brussel/CO7/zen2-ib/software/CMake/3.24.3-GCCcore-11.3.0/bin/cmake -E cmake_depends "Unix Makefiles" /tmp/vsc10800/nanoflann/1.5.0/GCCcore-11.3.0/nanoflann-1.5.0 /tmp/vsc10800/nanoflann/1.5.0/GCCcore-11.3.0/nanoflann-1.5.0/examples /tmp/vsc10800/nanoflann/1.5.0/GCCcore-11.3.0/easybuild_obj /tmp/vsc10800/nanoflann/1.5.0/GCCcore-11.3.0/easybuild_obj/examples /tmp/vsc10800/nanoflann/1.5.0/GCCcore-11.3.0/easybuild_obj/examples/CMakeFiles/dynamic_pointcloud_example.dir/DependInfo.cmake --color=
make[2]: Leaving directory `/tmp/vsc10800/nanoflann/1.5.0/GCCcore-11.3.0/easybuild_obj'
make  -f examples/CMakeFiles/dynamic_pointcloud_example.dir/build.make examples/CMakeFiles/dynamic_pointcloud_example.dir/build
make[2]: Entering directory `/tmp/vsc10800/nanoflann/1.5.0/GCCcore-11.3.0/easybuild_obj'
[  4%] Building CXX object examples/CMakeFiles/dynamic_pointcloud_example.dir/dynamic_pointcloud_example.cpp.o
cd /tmp/vsc10800/nanoflann/1.5.0/GCCcore-11.3.0/easybuild_obj/examples && /apps/brussel/CO7/zen2-ib/software/GCCcore/11.3.0/bin/g++ -DNANOFLANN_PATH=\"/tmp/vsc10800/nanoflann/1.5.0/GCCcore-11.3.0/nanoflann-1.5.0\" -I/tmp/vsc10800/nanoflann/1.5.0/GCCcore-11.3.0/nanoflann-1.5.0/include -O2 -fno-tree-vectorize -march=native -fno-math-errno -O3 -DNDEBUG -Wall -Wshadow -Wno-long-long -Wno-variadic-macros -O2 -mtune=native -Wno-ignored-attributes -Wno-int-in-bool-context -MD -MT examples/CMakeFiles/dynamic_pointcloud_example.dir/dynamic_pointcloud_example.cpp.o -MF CMakeFiles/dynamic_pointcloud_example.dir/dynamic_pointcloud_example.cpp.o.d -o CMakeFiles/dynamic_pointcloud_example.dir/dynamic_pointcloud_example.cpp.o -c /tmp/vsc10800/nanoflann/1.5.0/GCCcore-11.3.0/nanoflann-1.5.0/examples/dynamic_pointcloud_example.cpp
[  9%] Linking CXX executable ../bin/dynamic_pointcloud_example
cd /tmp/vsc10800/nanoflann/1.5.0/GCCcore-11.3.0/easybuild_obj/examples && /vscmnt/brussel_pixiu_apps/_apps_brussel/CO7/zen2-ib/software/CMake/3.24.3-GCCcore-11.3.0/bin/cmake -E cmake_link_script CMakeFiles/dynamic_pointcloud_example.dir/link.txt --verbose=1
/apps/brussel/CO7/zen2-ib/software/GCCcore/11.3.0/bin/g++ -O2 -fno-tree-vectorize -march=native -fno-math-errno -O3 -DNDEBUG -L/apps/brussel/CO7/zen2-ib/software/googletest/1.11.0-GCCcore-11.3.0/lib64 -L/apps/brussel/CO7/zen2-ib/software/googletest/1.11.0-GCCcore-11.3.0/lib -L/apps/brussel/CO7/zen2-ib/software/binutils/2.38-GCCcore-11.3.0/lib64 -L/apps/brussel/CO7/zen2-ib/software/binutils/2.38-GCCcore-11.3.0/lib -L/apps/brussel/CO7/zen2-ib/software/GCCcore/11.3.0/lib64 -L/apps/brussel/CO7/zen2-ib/software/GCCcore/11.3.0/lib -rdynamic CMakeFiles/dynamic_pointcloud_example.dir/dynamic_pointcloud_example.cpp.o -o ../bin/dynamic_pointcloud_example  -lpthread 
make[2]: Leaving directory `/tmp/vsc10800/nanoflann/1.5.0/GCCcore-11.3.0/easybuild_obj'
[  9%] Built target dynamic_pointcloud_example
make  -f examples/CMakeFiles/pointcloud_example.dir/build.make examples/CMakeFiles/pointcloud_example.dir/depend
make[2]: Entering directory `/tmp/vsc10800/nanoflann/1.5.0/GCCcore-11.3.0/easybuild_obj'
cd /tmp/vsc10800/nanoflann/1.5.0/GCCcore-11.3.0/easybuild_obj && /vscmnt/brussel_pixiu_apps/_apps_brussel/CO7/zen2-ib/software/CMake/3.24.3-GCCcore-11.3.0/bin/cmake -E cmake_depends "Unix Makefiles" /tmp/vsc10800/nanoflann/1.5.0/GCCcore-11.3.0/nanoflann-1.5.0 /tmp/vsc10800/nanoflann/1.5.0/GCCcore-11.3.0/nanoflann-1.5.0/examples /tmp/vsc10800/nanoflann/1.5.0/GCCcore-11.3.0/easybuild_obj /tmp/vsc10800/nanoflann/1.5.0/GCCcore-11.3.0/easybuild_obj/examples /tmp/vsc10800/nanoflann/1.5.0/GCCcore-11.3.0/easybuild_obj/examples/CMakeFiles/pointcloud_example.dir/DependInfo.cmake --color=
make[2]: Leaving directory `/tmp/vsc10800/nanoflann/1.5.0/GCCcore-11.3.0/easybuild_obj'
make  -f examples/CMakeFiles/pointcloud_example.dir/build.make examples/CMakeFiles/pointcloud_example.dir/build
make[2]: Entering directory `/tmp/vsc10800/nanoflann/1.5.0/GCCcore-11.3.0/easybuild_obj'
[ 13%] Building CXX object examples/CMakeFiles/pointcloud_example.dir/pointcloud_example.cpp.o
cd /tmp/vsc10800/nanoflann/1.5.0/GCCcore-11.3.0/easybuild_obj/examples && /apps/brussel/CO7/zen2-ib/software/GCCcore/11.3.0/bin/g++ -DNANOFLANN_PATH=\"/tmp/vsc10800/nanoflann/1.5.0/GCCcore-11.3.0/nanoflann-1.5.0\" -I/tmp/vsc10800/nanoflann/1.5.0/GCCcore-11.3.0/nanoflann-1.5.0/include -O2 -fno-tree-vectorize -march=native -fno-math-errno -O3 -DNDEBUG -Wall -Wshadow -Wno-long-long -Wno-variadic-macros -O2 -mtune=native -Wno-ignored-attributes -Wno-int-in-bool-context -MD -MT examples/CMakeFiles/pointcloud_example.dir/pointcloud_example.cpp.o -MF CMakeFiles/pointcloud_example.dir/pointcloud_example.cpp.o.d -o CMakeFiles/pointcloud_example.dir/pointcloud_example.cpp.o -c /tmp/vsc10800/nanoflann/1.5.0/GCCcore-11.3.0/nanoflann-1.5.0/examples/pointcloud_example.cpp
[ 18%] Linking CXX executable ../bin/pointcloud_example
cd /tmp/vsc10800/nanoflann/1.5.0/GCCcore-11.3.0/easybuild_obj/examples && /vscmnt/brussel_pixiu_apps/_apps_brussel/CO7/zen2-ib/software/CMake/3.24.3-GCCcore-11.3.0/bin/cmake -E cmake_link_script CMakeFiles/pointcloud_example.dir/link.txt --verbose=1
/apps/brussel/CO7/zen2-ib/software/GCCcore/11.3.0/bin/g++ -O2 -fno-tree-vectorize -march=native -fno-math-errno -O3 -DNDEBUG -L/apps/brussel/CO7/zen2-ib/software/googletest/1.11.0-GCCcore-11.3.0/lib64 -L/apps/brussel/CO7/zen2-ib/software/googletest/1.11.0-GCCcore-11.3.0/lib -L/apps/brussel/CO7/zen2-ib/software/binutils/2.38-GCCcore-11.3.0/lib64 -L/apps/brussel/CO7/zen2-ib/software/binutils/2.38-GCCcore-11.3.0/lib -L/apps/brussel/CO7/zen2-ib/software/GCCcore/11.3.0/lib64 -L/apps/brussel/CO7/zen2-ib/software/GCCcore/11.3.0/lib -rdynamic CMakeFiles/pointcloud_example.dir/pointcloud_example.cpp.o -o ../bin/pointcloud_example  -lpthread 
make[2]: Leaving directory `/tmp/vsc10800/nanoflann/1.5.0/GCCcore-11.3.0/easybuild_obj'
[ 18%] Built target pointcloud_example
make  -f examples/CMakeFiles/pointcloud_kdd_radius.dir/build.make examples/CMakeFiles/pointcloud_kdd_radius.dir/depend
make[2]: Entering directory `/tmp/vsc10800/nanoflann/1.5.0/GCCcore-11.3.0/easybuild_obj'
cd /tmp/vsc10800/nanoflann/1.5.0/GCCcore-11.3.0/easybuild_obj && /vscmnt/brussel_pixiu_apps/_apps_brussel/CO7/zen2-ib/software/CMake/3.24.3-GCCcore-11.3.0/bin/cmake -E cmake_depends "Unix Makefiles" /tmp/vsc10800/nanoflann/1.5.0/GCCcore-11.3.0/nanoflann-1.5.0 /tmp/vsc10800/nanoflann/1.5.0/GCCcore-11.3.0/nanoflann-1.5.0/examples /tmp/vsc10800/nanoflann/1.5.0/GCCcore-11.3.0/easybuild_obj /tmp/vsc10800/nanoflann/1.5.0/GCCcore-11.3.0/easybuild_obj/examples /tmp/vsc10800/nanoflann/1.5.0/GCCcore-11.3.0/easybuild_obj/examples/CMakeFiles/pointcloud_kdd_radius.dir/DependInfo.cmake --color=
make[2]: Leaving directory `/tmp/vsc10800/nanoflann/1.5.0/GCCcore-11.3.0/easybuild_obj'
make  -f examples/CMakeFiles/pointcloud_kdd_radius.dir/build.make examples/CMakeFiles/pointcloud_kdd_radius.dir/build
make[2]: Entering directory `/tmp/vsc10800/nanoflann/1.5.0/GCCcore-11.3.0/easybuild_obj'
[ 22%] Building CXX object examples/CMakeFiles/pointcloud_kdd_radius.dir/pointcloud_kdd_radius.cpp.o
cd /tmp/vsc10800/nanoflann/1.5.0/GCCcore-11.3.0/easybuild_obj/examples && /apps/brussel/CO7/zen2-ib/software/GCCcore/11.3.0/bin/g++ -DNANOFLANN_PATH=\"/tmp/vsc10800/nanoflann/1.5.0/GCCcore-11.3.0/nanoflann-1.5.0\" -I/tmp/vsc10800/nanoflann/1.5.0/GCCcore-11.3.0/nanoflann-1.5.0/include -O2 -fno-tree-vectorize -march=native -fno-math-errno -O3 -DNDEBUG -Wall -Wshadow -Wno-long-long -Wno-variadic-macros -O2 -mtune=native -Wno-ignored-attributes -Wno-int-in-bool-context -MD -MT examples/CMakeFiles/pointcloud_kdd_radius.dir/pointcloud_kdd_radius.cpp.o -MF CMakeFiles/pointcloud_kdd_radius.dir/pointcloud_kdd_radius.cpp.o.d -o CMakeFiles/pointcloud_kdd_radius.dir/pointcloud_kdd_radius.cpp.o -c /tmp/vsc10800/nanoflann/1.5.0/GCCcore-11.3.0/nanoflann-1.5.0/examples/pointcloud_kdd_radius.cpp
[ 27%] Linking CXX executable ../bin/pointcloud_kdd_radius
cd /tmp/vsc10800/nanoflann/1.5.0/GCCcore-11.3.0/easybuild_obj/examples && /vscmnt/brussel_pixiu_apps/_apps_brussel/CO7/zen2-ib/software/CMake/3.24.3-GCCcore-11.3.0/bin/cmake -E cmake_link_script CMakeFiles/pointcloud_kdd_radius.dir/link.txt --verbose=1
/apps/brussel/CO7/zen2-ib/software/GCCcore/11.3.0/bin/g++ -O2 -fno-tree-vectorize -march=native -fno-math-errno -O3 -DNDEBUG -L/apps/brussel/CO7/zen2-ib/software/googletest/1.11.0-GCCcore-11.3.0/lib64 -L/apps/brussel/CO7/zen2-ib/software/googletest/1.11.0-GCCcore-11.3.0/lib -L/apps/brussel/CO7/zen2-ib/software/binutils/2.38-GCCcore-11.3.0/lib64 -L/apps/brussel/CO7/zen2-ib/software/binutils/2.38-GCCcore-11.3.0/lib -L/apps/brussel/CO7/zen2-ib/software/GCCcore/11.3.0/lib64 -L/apps/brussel/CO7/zen2-ib/software/GCCcore/11.3.0/lib -rdynamic CMakeFiles/pointcloud_kdd_radius.dir/pointcloud_kdd_radius.cpp.o -o ../bin/pointcloud_kdd_radius  -lpthread 
make[2]: Leaving directory `/tmp/vsc10800/nanoflann/1.5.0/GCCcore-11.3.0/easybuild_obj'
[ 27%] Built target pointcloud_kdd_radius
make  -f examples/CMakeFiles/pointcloud_adaptor_example.dir/build.make examples/CMakeFiles/pointcloud_adaptor_example.dir/depend
make[2]: Entering directory `/tmp/vsc10800/nanoflann/1.5.0/GCCcore-11.3.0/easybuild_obj'
cd /tmp/vsc10800/nanoflann/1.5.0/GCCcore-11.3.0/easybuild_obj && /vscmnt/brussel_pixiu_apps/_apps_brussel/CO7/zen2-ib/software/CMake/3.24.3-GCCcore-11.3.0/bin/cmake -E cmake_depends "Unix Makefiles" /tmp/vsc10800/nanoflann/1.5.0/GCCcore-11.3.0/nanoflann-1.5.0 /tmp/vsc10800/nanoflann/1.5.0/GCCcore-11.3.0/nanoflann-1.5.0/examples /tmp/vsc10800/nanoflann/1.5.0/GCCcore-11.3.0/easybuild_obj /tmp/vsc10800/nanoflann/1.5.0/GCCcore-11.3.0/easybuild_obj/examples /tmp/vsc10800/nanoflann/1.5.0/GCCcore-11.3.0/easybuild_obj/examples/CMakeFiles/pointcloud_adaptor_example.dir/DependInfo.cmake --color=
make[2]: Leaving directory `/tmp/vsc10800/nanoflann/1.5.0/GCCcore-11.3.0/easybuild_obj'
make  -f examples/CMakeFiles/pointcloud_adaptor_example.dir/build.make examples/CMakeFiles/pointcloud_adaptor_example.dir/build
make[2]: Entering directory `/tmp/vsc10800/nanoflann/1.5.0/GCCcore-11.3.0/easybuild_obj'
[ 31%] Building CXX object examples/CMakeFiles/pointcloud_adaptor_example.dir/pointcloud_adaptor_example.cpp.o
cd /tmp/vsc10800/nanoflann/1.5.0/GCCcore-11.3.0/easybuild_obj/examples && /apps/brussel/CO7/zen2-ib/software/GCCcore/11.3.0/bin/g++ -DNANOFLANN_PATH=\"/tmp/vsc10800/nanoflann/1.5.0/GCCcore-11.3.0/nanoflann-1.5.0\" -I/tmp/vsc10800/nanoflann/1.5.0/GCCcore-11.3.0/nanoflann-1.5.0/include -O2 -fno-tree-vectorize -march=native -fno-math-errno -O3 -DNDEBUG -Wall -Wshadow -Wno-long-long -Wno-variadic-macros -O2 -mtune=native -Wno-ignored-attributes -Wno-int-in-bool-context -MD -MT examples/CMakeFiles/pointcloud_adaptor_example.dir/pointcloud_adaptor_example.cpp.o -MF CMakeFiles/pointcloud_adaptor_example.dir/pointcloud_adaptor_example.cpp.o.d -o CMakeFiles/pointcloud_adaptor_example.dir/pointcloud_adaptor_example.cpp.o -c /tmp/vsc10800/nanoflann/1.5.0/GCCcore-11.3.0/nanoflann-1.5.0/examples/pointcloud_adaptor_example.cpp
[ 36%] Linking CXX executable ../bin/pointcloud_adaptor_example
cd /tmp/vsc10800/nanoflann/1.5.0/GCCcore-11.3.0/easybuild_obj/examples && /vscmnt/brussel_pixiu_apps/_apps_brussel/CO7/zen2-ib/software/CMake/3.24.3-GCCcore-11.3.0/bin/cmake -E cmake_link_script CMakeFiles/pointcloud_adaptor_example.dir/link.txt --verbose=1
/apps/brussel/CO7/zen2-ib/software/GCCcore/11.3.0/bin/g++ -O2 -fno-tree-vectorize -march=native -fno-math-errno -O3 -DNDEBUG -L/apps/brussel/CO7/zen2-ib/software/googletest/1.11.0-GCCcore-11.3.0/lib64 -L/apps/brussel/CO7/zen2-ib/software/googletest/1.11.0-GCCcore-11.3.0/lib -L/apps/brussel/CO7/zen2-ib/software/binutils/2.38-GCCcore-11.3.0/lib64 -L/apps/brussel/CO7/zen2-ib/software/binutils/2.38-GCCcore-11.3.0/lib -L/apps/brussel/CO7/zen2-ib/software/GCCcore/11.3.0/lib64 -L/apps/brussel/CO7/zen2-ib/software/GCCcore/11.3.0/lib -rdynamic CMakeFiles/pointcloud_adaptor_example.dir/pointcloud_adaptor_example.cpp.o -o ../bin/pointcloud_adaptor_example  -lpthread 
make[2]: Leaving directory `/tmp/vsc10800/nanoflann/1.5.0/GCCcore-11.3.0/easybuild_obj'
[ 36%] Built target pointcloud_adaptor_example
make  -f examples/CMakeFiles/pointcloud_custom_metric.dir/build.make examples/CMakeFiles/pointcloud_custom_metric.dir/depend
make[2]: Entering directory `/tmp/vsc10800/nanoflann/1.5.0/GCCcore-11.3.0/easybuild_obj'
cd /tmp/vsc10800/nanoflann/1.5.0/GCCcore-11.3.0/easybuild_obj && /vscmnt/brussel_pixiu_apps/_apps_brussel/CO7/zen2-ib/software/CMake/3.24.3-GCCcore-11.3.0/bin/cmake -E cmake_depends "Unix Makefiles" /tmp/vsc10800/nanoflann/1.5.0/GCCcore-11.3.0/nanoflann-1.5.0 /tmp/vsc10800/nanoflann/1.5.0/GCCcore-11.3.0/nanoflann-1.5.0/examples /tmp/vsc10800/nanoflann/1.5.0/GCCcore-11.3.0/easybuild_obj /tmp/vsc10800/nanoflann/1.5.0/GCCcore-11.3.0/easybuild_obj/examples /tmp/vsc10800/nanoflann/1.5.0/GCCcore-11.3.0/easybuild_obj/examples/CMakeFiles/pointcloud_custom_metric.dir/DependInfo.cmake --color=
make[2]: Leaving directory `/tmp/vsc10800/nanoflann/1.5.0/GCCcore-11.3.0/easybuild_obj'
make  -f examples/CMakeFiles/pointcloud_custom_metric.dir/build.make examples/CMakeFiles/pointcloud_custom_metric.dir/build
make[2]: Entering directory `/tmp/vsc10800/nanoflann/1.5.0/GCCcore-11.3.0/easybuild_obj'
[ 40%] Building CXX object examples/CMakeFiles/pointcloud_custom_metric.dir/pointcloud_custom_metric.cpp.o
cd /tmp/vsc10800/nanoflann/1.5.0/GCCcore-11.3.0/easybuild_obj/examples && /apps/brussel/CO7/zen2-ib/software/GCCcore/11.3.0/bin/g++ -DNANOFLANN_PATH=\"/tmp/vsc10800/nanoflann/1.5.0/GCCcore-11.3.0/nanoflann-1.5.0\" -I/tmp/vsc10800/nanoflann/1.5.0/GCCcore-11.3.0/nanoflann-1.5.0/include -O2 -fno-tree-vectorize -march=native -fno-math-errno -O3 -DNDEBUG -Wall -Wshadow -Wno-long-long -Wno-variadic-macros -O2 -mtune=native -Wno-ignored-attributes -Wno-int-in-bool-context -MD -MT examples/CMakeFiles/pointcloud_custom_metric.dir/pointcloud_custom_metric.cpp.o -MF CMakeFiles/pointcloud_custom_metric.dir/pointcloud_custom_metric.cpp.o.d -o CMakeFiles/pointcloud_custom_metric.dir/pointcloud_custom_metric.cpp.o -c /tmp/vsc10800/nanoflann/1.5.0/GCCcore-11.3.0/nanoflann-1.5.0/examples/pointcloud_custom_metric.cpp
[ 45%] Linking CXX executable ../bin/pointcloud_custom_metric
cd /tmp/vsc10800/nanoflann/1.5.0/GCCcore-11.3.0/easybuild_obj/examples && /vscmnt/brussel_pixiu_apps/_apps_brussel/CO7/zen2-ib/software/CMake/3.24.3-GCCcore-11.3.0/bin/cmake -E cmake_link_script CMakeFiles/pointcloud_custom_metric.dir/link.txt --verbose=1
/apps/brussel/CO7/zen2-ib/software/GCCcore/11.3.0/bin/g++ -O2 -fno-tree-vectorize -march=native -fno-math-errno -O3 -DNDEBUG -L/apps/brussel/CO7/zen2-ib/software/googletest/1.11.0-GCCcore-11.3.0/lib64 -L/apps/brussel/CO7/zen2-ib/software/googletest/1.11.0-GCCcore-11.3.0/lib -L/apps/brussel/CO7/zen2-ib/software/binutils/2.38-GCCcore-11.3.0/lib64 -L/apps/brussel/CO7/zen2-ib/software/binutils/2.38-GCCcore-11.3.0/lib -L/apps/brussel/CO7/zen2-ib/software/GCCcore/11.3.0/lib64 -L/apps/brussel/CO7/zen2-ib/software/GCCcore/11.3.0/lib -rdynamic CMakeFiles/pointcloud_custom_metric.dir/pointcloud_custom_metric.cpp.o -o ../bin/pointcloud_custom_metric  -lpthread 
make[2]: Leaving directory `/tmp/vsc10800/nanoflann/1.5.0/GCCcore-11.3.0/easybuild_obj'
[ 45%] Built target pointcloud_custom_metric
make  -f examples/CMakeFiles/pointcloud_custom_resultset.dir/build.make examples/CMakeFiles/pointcloud_custom_resultset.dir/depend
make[2]: Entering directory `/tmp/vsc10800/nanoflann/1.5.0/GCCcore-11.3.0/easybuild_obj'
cd /tmp/vsc10800/nanoflann/1.5.0/GCCcore-11.3.0/easybuild_obj && /vscmnt/brussel_pixiu_apps/_apps_brussel/CO7/zen2-ib/software/CMake/3.24.3-GCCcore-11.3.0/bin/cmake -E cmake_depends "Unix Makefiles" /tmp/vsc10800/nanoflann/1.5.0/GCCcore-11.3.0/nanoflann-1.5.0 /tmp/vsc10800/nanoflann/1.5.0/GCCcore-11.3.0/nanoflann-1.5.0/examples /tmp/vsc10800/nanoflann/1.5.0/GCCcore-11.3.0/easybuild_obj /tmp/vsc10800/nanoflann/1.5.0/GCCcore-11.3.0/easybuild_obj/examples /tmp/vsc10800/nanoflann/1.5.0/GCCcore-11.3.0/easybuild_obj/examples/CMakeFiles/pointcloud_custom_resultset.dir/DependInfo.cmake --color=
make[2]: Leaving directory `/tmp/vsc10800/nanoflann/1.5.0/GCCcore-11.3.0/easybuild_obj'
make  -f examples/CMakeFiles/pointcloud_custom_resultset.dir/build.make examples/CMakeFiles/pointcloud_custom_resultset.dir/build
make[2]: Entering directory `/tmp/vsc10800/nanoflann/1.5.0/GCCcore-11.3.0/easybuild_obj'
[ 50%] Building CXX object examples/CMakeFiles/pointcloud_custom_resultset.dir/pointcloud_custom_resultset.cpp.o
cd /tmp/vsc10800/nanoflann/1.5.0/GCCcore-11.3.0/easybuild_obj/examples && /apps/brussel/CO7/zen2-ib/software/GCCcore/11.3.0/bin/g++ -DNANOFLANN_PATH=\"/tmp/vsc10800/nanoflann/1.5.0/GCCcore-11.3.0/nanoflann-1.5.0\" -I/tmp/vsc10800/nanoflann/1.5.0/GCCcore-11.3.0/nanoflann-1.5.0/include -O2 -fno-tree-vectorize -march=native -fno-math-errno -O3 -DNDEBUG -Wall -Wshadow -Wno-long-long -Wno-variadic-macros -O2 -mtune=native -Wno-ignored-attributes -Wno-int-in-bool-context -MD -MT examples/CMakeFiles/pointcloud_custom_resultset.dir/pointcloud_custom_resultset.cpp.o -MF CMakeFiles/pointcloud_custom_resultset.dir/pointcloud_custom_resultset.cpp.o.d -o CMakeFiles/pointcloud_custom_resultset.dir/pointcloud_custom_resultset.cpp.o -c /tmp/vsc10800/nanoflann/1.5.0/GCCcore-11.3.0/nanoflann-1.5.0/examples/pointcloud_custom_resultset.cpp
[ 54%] Linking CXX executable ../bin/pointcloud_custom_resultset
cd /tmp/vsc10800/nanoflann/1.5.0/GCCcore-11.3.0/easybuild_obj/examples && /vscmnt/brussel_pixiu_apps/_apps_brussel/CO7/zen2-ib/software/CMake/3.24.3-GCCcore-11.3.0/bin/cmake -E cmake_link_script CMakeFiles/pointcloud_custom_resultset.dir/link.txt --verbose=1
/apps/brussel/CO7/zen2-ib/software/GCCcore/11.3.0/bin/g++ -O2 -fno-tree-vectorize -march=native -fno-math-errno -O3 -DNDEBUG -L/apps/brussel/CO7/zen2-ib/software/googletest/1.11.0-GCCcore-11.3.0/lib64 -L/apps/brussel/CO7/zen2-ib/software/googletest/1.11.0-GCCcore-11.3.0/lib -L/apps/brussel/CO7/zen2-ib/software/binutils/2.38-GCCcore-11.3.0/lib64 -L/apps/brussel/CO7/zen2-ib/software/binutils/2.38-GCCcore-11.3.0/lib -L/apps/brussel/CO7/zen2-ib/software/GCCcore/11.3.0/lib64 -L/apps/brussel/CO7/zen2-ib/software/GCCcore/11.3.0/lib -rdynamic CMakeFiles/pointcloud_custom_resultset.dir/pointcloud_custom_resultset.cpp.o -o ../bin/pointcloud_custom_resultset  -lpthread 
make[2]: Leaving directory `/tmp/vsc10800/nanoflann/1.5.0/GCCcore-11.3.0/easybuild_obj'
[ 54%] Built target pointcloud_custom_resultset
make  -f examples/CMakeFiles/SO3_adaptor_example.dir/build.make examples/CMakeFiles/SO3_adaptor_example.dir/depend
make[2]: Entering directory `/tmp/vsc10800/nanoflann/1.5.0/GCCcore-11.3.0/easybuild_obj'
cd /tmp/vsc10800/nanoflann/1.5.0/GCCcore-11.3.0/easybuild_obj && /vscmnt/brussel_pixiu_apps/_apps_brussel/CO7/zen2-ib/software/CMake/3.24.3-GCCcore-11.3.0/bin/cmake -E cmake_depends "Unix Makefiles" /tmp/vsc10800/nanoflann/1.5.0/GCCcore-11.3.0/nanoflann-1.5.0 /tmp/vsc10800/nanoflann/1.5.0/GCCcore-11.3.0/nanoflann-1.5.0/examples /tmp/vsc10800/nanoflann/1.5.0/GCCcore-11.3.0/easybuild_obj /tmp/vsc10800/nanoflann/1.5.0/GCCcore-11.3.0/easybuild_obj/examples /tmp/vsc10800/nanoflann/1.5.0/GCCcore-11.3.0/easybuild_obj/examples/CMakeFiles/SO3_adaptor_example.dir/DependInfo.cmake --color=
make[2]: Leaving directory `/tmp/vsc10800/nanoflann/1.5.0/GCCcore-11.3.0/easybuild_obj'
make  -f examples/CMakeFiles/SO3_adaptor_example.dir/build.make examples/CMakeFiles/SO3_adaptor_example.dir/build
make[2]: Entering directory `/tmp/vsc10800/nanoflann/1.5.0/GCCcore-11.3.0/easybuild_obj'
[ 59%] Building CXX object examples/CMakeFiles/SO3_adaptor_example.dir/SO3_adaptor_example.cpp.o
cd /tmp/vsc10800/nanoflann/1.5.0/GCCcore-11.3.0/easybuild_obj/examples && /apps/brussel/CO7/zen2-ib/software/GCCcore/11.3.0/bin/g++ -DNANOFLANN_PATH=\"/tmp/vsc10800/nanoflann/1.5.0/GCCcore-11.3.0/nanoflann-1.5.0\" -I/tmp/vsc10800/nanoflann/1.5.0/GCCcore-11.3.0/nanoflann-1.5.0/include -O2 -fno-tree-vectorize -march=native -fno-math-errno -O3 -DNDEBUG -Wall -Wshadow -Wno-long-long -Wno-variadic-macros -O2 -mtune=native -Wno-ignored-attributes -Wno-int-in-bool-context -MD -MT examples/CMakeFiles/SO3_adaptor_example.dir/SO3_adaptor_example.cpp.o -MF CMakeFiles/SO3_adaptor_example.dir/SO3_adaptor_example.cpp.o.d -o CMakeFiles/SO3_adaptor_example.dir/SO3_adaptor_example.cpp.o -c /tmp/vsc10800/nanoflann/1.5.0/GCCcore-11.3.0/nanoflann-1.5.0/examples/SO3_adaptor_example.cpp
[ 63%] Linking CXX executable ../bin/SO3_adaptor_example
cd /tmp/vsc10800/nanoflann/1.5.0/GCCcore-11.3.0/easybuild_obj/examples && /vscmnt/brussel_pixiu_apps/_apps_brussel/CO7/zen2-ib/software/CMake/3.24.3-GCCcore-11.3.0/bin/cmake -E cmake_link_script CMakeFiles/SO3_adaptor_example.dir/link.txt --verbose=1
/apps/brussel/CO7/zen2-ib/software/GCCcore/11.3.0/bin/g++ -O2 -fno-tree-vectorize -march=native -fno-math-errno -O3 -DNDEBUG -L/apps/brussel/CO7/zen2-ib/software/googletest/1.11.0-GCCcore-11.3.0/lib64 -L/apps/brussel/CO7/zen2-ib/software/googletest/1.11.0-GCCcore-11.3.0/lib -L/apps/brussel/CO7/zen2-ib/software/binutils/2.38-GCCcore-11.3.0/lib64 -L/apps/brussel/CO7/zen2-ib/software/binutils/2.38-GCCcore-11.3.0/lib -L/apps/brussel/CO7/zen2-ib/software/GCCcore/11.3.0/lib64 -L/apps/brussel/CO7/zen2-ib/software/GCCcore/11.3.0/lib -rdynamic CMakeFiles/SO3_adaptor_example.dir/SO3_adaptor_example.cpp.o -o ../bin/SO3_adaptor_example  -lpthread 
make[2]: Leaving directory `/tmp/vsc10800/nanoflann/1.5.0/GCCcore-11.3.0/easybuild_obj'
[ 63%] Built target SO3_adaptor_example
make  -f examples/CMakeFiles/SO2_adaptor_example.dir/build.make examples/CMakeFiles/SO2_adaptor_example.dir/depend
make[2]: Entering directory `/tmp/vsc10800/nanoflann/1.5.0/GCCcore-11.3.0/easybuild_obj'
cd /tmp/vsc10800/nanoflann/1.5.0/GCCcore-11.3.0/easybuild_obj && /vscmnt/brussel_pixiu_apps/_apps_brussel/CO7/zen2-ib/software/CMake/3.24.3-GCCcore-11.3.0/bin/cmake -E cmake_depends "Unix Makefiles" /tmp/vsc10800/nanoflann/1.5.0/GCCcore-11.3.0/nanoflann-1.5.0 /tmp/vsc10800/nanoflann/1.5.0/GCCcore-11.3.0/nanoflann-1.5.0/examples /tmp/vsc10800/nanoflann/1.5.0/GCCcore-11.3.0/easybuild_obj /tmp/vsc10800/nanoflann/1.5.0/GCCcore-11.3.0/easybuild_obj/examples /tmp/vsc10800/nanoflann/1.5.0/GCCcore-11.3.0/easybuild_obj/examples/CMakeFiles/SO2_adaptor_example.dir/DependInfo.cmake --color=
make[2]: Leaving directory `/tmp/vsc10800/nanoflann/1.5.0/GCCcore-11.3.0/easybuild_obj'
make  -f examples/CMakeFiles/SO2_adaptor_example.dir/build.make examples/CMakeFiles/SO2_adaptor_example.dir/build
make[2]: Entering directory `/tmp/vsc10800/nanoflann/1.5.0/GCCcore-11.3.0/easybuild_obj'
[ 68%] Building CXX object examples/CMakeFiles/SO2_adaptor_example.dir/SO2_adaptor_example.cpp.o
cd /tmp/vsc10800/nanoflann/1.5.0/GCCcore-11.3.0/easybuild_obj/examples && /apps/brussel/CO7/zen2-ib/software/GCCcore/11.3.0/bin/g++ -DNANOFLANN_PATH=\"/tmp/vsc10800/nanoflann/1.5.0/GCCcore-11.3.0/nanoflann-1.5.0\" -I/tmp/vsc10800/nanoflann/1.5.0/GCCcore-11.3.0/nanoflann-1.5.0/include -O2 -fno-tree-vectorize -march=native -fno-math-errno -O3 -DNDEBUG -Wall -Wshadow -Wno-long-long -Wno-variadic-macros -O2 -mtune=native -Wno-ignored-attributes -Wno-int-in-bool-context -MD -MT examples/CMakeFiles/SO2_adaptor_example.dir/SO2_adaptor_example.cpp.o -MF CMakeFiles/SO2_adaptor_example.dir/SO2_adaptor_example.cpp.o.d -o CMakeFiles/SO2_adaptor_example.dir/SO2_adaptor_example.cpp.o -c /tmp/vsc10800/nanoflann/1.5.0/GCCcore-11.3.0/nanoflann-1.5.0/examples/SO2_adaptor_example.cpp
[ 72%] Linking CXX executable ../bin/SO2_adaptor_example
cd /tmp/vsc10800/nanoflann/1.5.0/GCCcore-11.3.0/easybuild_obj/examples && /vscmnt/brussel_pixiu_apps/_apps_brussel/CO7/zen2-ib/software/CMake/3.24.3-GCCcore-11.3.0/bin/cmake -E cmake_link_script CMakeFiles/SO2_adaptor_example.dir/link.txt --verbose=1
/apps/brussel/CO7/zen2-ib/software/GCCcore/11.3.0/bin/g++ -O2 -fno-tree-vectorize -march=native -fno-math-errno -O3 -DNDEBUG -L/apps/brussel/CO7/zen2-ib/software/googletest/1.11.0-GCCcore-11.3.0/lib64 -L/apps/brussel/CO7/zen2-ib/software/googletest/1.11.0-GCCcore-11.3.0/lib -L/apps/brussel/CO7/zen2-ib/software/binutils/2.38-GCCcore-11.3.0/lib64 -L/apps/brussel/CO7/zen2-ib/software/binutils/2.38-GCCcore-11.3.0/lib -L/apps/brussel/CO7/zen2-ib/software/GCCcore/11.3.0/lib64 -L/apps/brussel/CO7/zen2-ib/software/GCCcore/11.3.0/lib -rdynamic CMakeFiles/SO2_adaptor_example.dir/SO2_adaptor_example.cpp.o -o ../bin/SO2_adaptor_example  -lpthread 
make[2]: Leaving directory `/tmp/vsc10800/nanoflann/1.5.0/GCCcore-11.3.0/easybuild_obj'
[ 72%] Built target SO2_adaptor_example
make  -f examples/CMakeFiles/saveload_example.dir/build.make examples/CMakeFiles/saveload_example.dir/depend
make[2]: Entering directory `/tmp/vsc10800/nanoflann/1.5.0/GCCcore-11.3.0/easybuild_obj'
cd /tmp/vsc10800/nanoflann/1.5.0/GCCcore-11.3.0/easybuild_obj && /vscmnt/brussel_pixiu_apps/_apps_brussel/CO7/zen2-ib/software/CMake/3.24.3-GCCcore-11.3.0/bin/cmake -E cmake_depends "Unix Makefiles" /tmp/vsc10800/nanoflann/1.5.0/GCCcore-11.3.0/nanoflann-1.5.0 /tmp/vsc10800/nanoflann/1.5.0/GCCcore-11.3.0/nanoflann-1.5.0/examples /tmp/vsc10800/nanoflann/1.5.0/GCCcore-11.3.0/easybuild_obj /tmp/vsc10800/nanoflann/1.5.0/GCCcore-11.3.0/easybuild_obj/examples /tmp/vsc10800/nanoflann/1.5.0/GCCcore-11.3.0/easybuild_obj/examples/CMakeFiles/saveload_example.dir/DependInfo.cmake --color=
make[2]: Leaving directory `/tmp/vsc10800/nanoflann/1.5.0/GCCcore-11.3.0/easybuild_obj'
make  -f examples/CMakeFiles/saveload_example.dir/build.make examples/CMakeFiles/saveload_example.dir/build
make[2]: Entering directory `/tmp/vsc10800/nanoflann/1.5.0/GCCcore-11.3.0/easybuild_obj'
[ 77%] Building CXX object examples/CMakeFiles/saveload_example.dir/saveload_example.cpp.o
cd /tmp/vsc10800/nanoflann/1.5.0/GCCcore-11.3.0/easybuild_obj/examples && /apps/brussel/CO7/zen2-ib/software/GCCcore/11.3.0/bin/g++ -DNANOFLANN_PATH=\"/tmp/vsc10800/nanoflann/1.5.0/GCCcore-11.3.0/nanoflann-1.5.0\" -I/tmp/vsc10800/nanoflann/1.5.0/GCCcore-11.3.0/nanoflann-1.5.0/include -O2 -fno-tree-vectorize -march=native -fno-math-errno -O3 -DNDEBUG -Wall -Wshadow -Wno-long-long -Wno-variadic-macros -O2 -mtune=native -Wno-ignored-attributes -Wno-int-in-bool-context -MD -MT examples/CMakeFiles/saveload_example.dir/saveload_example.cpp.o -MF CMakeFiles/saveload_example.dir/saveload_example.cpp.o.d -o CMakeFiles/saveload_example.dir/saveload_example.cpp.o -c /tmp/vsc10800/nanoflann/1.5.0/GCCcore-11.3.0/nanoflann-1.5.0/examples/saveload_example.cpp
[ 81%] Linking CXX executable ../bin/saveload_example
cd /tmp/vsc10800/nanoflann/1.5.0/GCCcore-11.3.0/easybuild_obj/examples && /vscmnt/brussel_pixiu_apps/_apps_brussel/CO7/zen2-ib/software/CMake/3.24.3-GCCcore-11.3.0/bin/cmake -E cmake_link_script CMakeFiles/saveload_example.dir/link.txt --verbose=1
/apps/brussel/CO7/zen2-ib/software/GCCcore/11.3.0/bin/g++ -O2 -fno-tree-vectorize -march=native -fno-math-errno -O3 -DNDEBUG -L/apps/brussel/CO7/zen2-ib/software/googletest/1.11.0-GCCcore-11.3.0/lib64 -L/apps/brussel/CO7/zen2-ib/software/googletest/1.11.0-GCCcore-11.3.0/lib -L/apps/brussel/CO7/zen2-ib/software/binutils/2.38-GCCcore-11.3.0/lib64 -L/apps/brussel/CO7/zen2-ib/software/binutils/2.38-GCCcore-11.3.0/lib -L/apps/brussel/CO7/zen2-ib/software/GCCcore/11.3.0/lib64 -L/apps/brussel/CO7/zen2-ib/software/GCCcore/11.3.0/lib -rdynamic CMakeFiles/saveload_example.dir/saveload_example.cpp.o -o ../bin/saveload_example  -lpthread 
make[2]: Leaving directory `/tmp/vsc10800/nanoflann/1.5.0/GCCcore-11.3.0/easybuild_obj'
[ 81%] Built target saveload_example
make  -f examples/CMakeFiles/vector_of_vectors_example.dir/build.make examples/CMakeFiles/vector_of_vectors_example.dir/depend
make[2]: Entering directory `/tmp/vsc10800/nanoflann/1.5.0/GCCcore-11.3.0/easybuild_obj'
cd /tmp/vsc10800/nanoflann/1.5.0/GCCcore-11.3.0/easybuild_obj && /vscmnt/brussel_pixiu_apps/_apps_brussel/CO7/zen2-ib/software/CMake/3.24.3-GCCcore-11.3.0/bin/cmake -E cmake_depends "Unix Makefiles" /tmp/vsc10800/nanoflann/1.5.0/GCCcore-11.3.0/nanoflann-1.5.0 /tmp/vsc10800/nanoflann/1.5.0/GCCcore-11.3.0/nanoflann-1.5.0/examples /tmp/vsc10800/nanoflann/1.5.0/GCCcore-11.3.0/easybuild_obj /tmp/vsc10800/nanoflann/1.5.0/GCCcore-11.3.0/easybuild_obj/examples /tmp/vsc10800/nanoflann/1.5.0/GCCcore-11.3.0/easybuild_obj/examples/CMakeFiles/vector_of_vectors_example.dir/DependInfo.cmake --color=
make[2]: Leaving directory `/tmp/vsc10800/nanoflann/1.5.0/GCCcore-11.3.0/easybuild_obj'
make  -f examples/CMakeFiles/vector_of_vectors_example.dir/build.make examples/CMakeFiles/vector_of_vectors_example.dir/build
make[2]: Entering directory `/tmp/vsc10800/nanoflann/1.5.0/GCCcore-11.3.0/easybuild_obj'
[ 86%] Building CXX object examples/CMakeFiles/vector_of_vectors_example.dir/vector_of_vectors_example.cpp.o
cd /tmp/vsc10800/nanoflann/1.5.0/GCCcore-11.3.0/easybuild_obj/examples && /apps/brussel/CO7/zen2-ib/software/GCCcore/11.3.0/bin/g++ -DNANOFLANN_PATH=\"/tmp/vsc10800/nanoflann/1.5.0/GCCcore-11.3.0/nanoflann-1.5.0\" -I/tmp/vsc10800/nanoflann/1.5.0/GCCcore-11.3.0/nanoflann-1.5.0/include -O2 -fno-tree-vectorize -march=native -fno-math-errno -O3 -DNDEBUG -Wall -Wshadow -Wno-long-long -Wno-variadic-macros -O2 -mtune=native -Wno-ignored-attributes -Wno-int-in-bool-context -MD -MT examples/CMakeFiles/vector_of_vectors_example.dir/vector_of_vectors_example.cpp.o -MF CMakeFiles/vector_of_vectors_example.dir/vector_of_vectors_example.cpp.o.d -o CMakeFiles/vector_of_vectors_example.dir/vector_of_vectors_example.cpp.o -c /tmp/vsc10800/nanoflann/1.5.0/GCCcore-11.3.0/nanoflann-1.5.0/examples/vector_of_vectors_example.cpp
[ 90%] Linking CXX executable ../bin/vector_of_vectors_example
cd /tmp/vsc10800/nanoflann/1.5.0/GCCcore-11.3.0/easybuild_obj/examples && /vscmnt/brussel_pixiu_apps/_apps_brussel/CO7/zen2-ib/software/CMake/3.24.3-GCCcore-11.3.0/bin/cmake -E cmake_link_script CMakeFiles/vector_of_vectors_example.dir/link.txt --verbose=1
/apps/brussel/CO7/zen2-ib/software/GCCcore/11.3.0/bin/g++ -O2 -fno-tree-vectorize -march=native -fno-math-errno -O3 -DNDEBUG -L/apps/brussel/CO7/zen2-ib/software/googletest/1.11.0-GCCcore-11.3.0/lib64 -L/apps/brussel/CO7/zen2-ib/software/googletest/1.11.0-GCCcore-11.3.0/lib -L/apps/brussel/CO7/zen2-ib/software/binutils/2.38-GCCcore-11.3.0/lib64 -L/apps/brussel/CO7/zen2-ib/software/binutils/2.38-GCCcore-11.3.0/lib -L/apps/brussel/CO7/zen2-ib/software/GCCcore/11.3.0/lib64 -L/apps/brussel/CO7/zen2-ib/software/GCCcore/11.3.0/lib -rdynamic CMakeFiles/vector_of_vectors_example.dir/vector_of_vectors_example.cpp.o -o ../bin/vector_of_vectors_example  -lpthread 
make[2]: Leaving directory `/tmp/vsc10800/nanoflann/1.5.0/GCCcore-11.3.0/easybuild_obj'
[ 90%] Built target vector_of_vectors_example
make  -f tests/CMakeFiles/unit_tests.dir/build.make tests/CMakeFiles/unit_tests.dir/depend
make[2]: Entering directory `/tmp/vsc10800/nanoflann/1.5.0/GCCcore-11.3.0/easybuild_obj'
cd /tmp/vsc10800/nanoflann/1.5.0/GCCcore-11.3.0/easybuild_obj && /vscmnt/brussel_pixiu_apps/_apps_brussel/CO7/zen2-ib/software/CMake/3.24.3-GCCcore-11.3.0/bin/cmake -E cmake_depends "Unix Makefiles" /tmp/vsc10800/nanoflann/1.5.0/GCCcore-11.3.0/nanoflann-1.5.0 /tmp/vsc10800/nanoflann/1.5.0/GCCcore-11.3.0/nanoflann-1.5.0/tests /tmp/vsc10800/nanoflann/1.5.0/GCCcore-11.3.0/easybuild_obj /tmp/vsc10800/nanoflann/1.5.0/GCCcore-11.3.0/easybuild_obj/tests /tmp/vsc10800/nanoflann/1.5.0/GCCcore-11.3.0/easybuild_obj/tests/CMakeFiles/unit_tests.dir/DependInfo.cmake --color=
make[2]: Leaving directory `/tmp/vsc10800/nanoflann/1.5.0/GCCcore-11.3.0/easybuild_obj'
make  -f tests/CMakeFiles/unit_tests.dir/build.make tests/CMakeFiles/unit_tests.dir/build
make[2]: Entering directory `/tmp/vsc10800/nanoflann/1.5.0/GCCcore-11.3.0/easybuild_obj'
[ 95%] Building CXX object tests/CMakeFiles/unit_tests.dir/test_main.cpp.o
cd /tmp/vsc10800/nanoflann/1.5.0/GCCcore-11.3.0/easybuild_obj/tests && /apps/brussel/CO7/zen2-ib/software/GCCcore/11.3.0/bin/g++ -DGTEST_LINKED_AS_SHARED_LIBRARY=1 -DNANOFLANN_PATH=\"/tmp/vsc10800/nanoflann/1.5.0/GCCcore-11.3.0/nanoflann-1.5.0\" -I/tmp/vsc10800/nanoflann/1.5.0/GCCcore-11.3.0/nanoflann-1.5.0/include -isystem /apps/brussel/CO7/zen2-ib/software/googletest/1.11.0-GCCcore-11.3.0/include -O2 -fno-tree-vectorize -march=native -fno-math-errno -pthread -O3 -DNDEBUG -Wall -Wshadow -Wno-long-long -Wno-variadic-macros -O2 -mtune=native -Wno-ignored-attributes -Wno-int-in-bool-context -MD -MT tests/CMakeFiles/unit_tests.dir/test_main.cpp.o -MF CMakeFiles/unit_tests.dir/test_main.cpp.o.d -o CMakeFiles/unit_tests.dir/test_main.cpp.o -c /tmp/vsc10800/nanoflann/1.5.0/GCCcore-11.3.0/nanoflann-1.5.0/tests/test_main.cpp
[100%] Linking CXX executable unit_tests
cd /tmp/vsc10800/nanoflann/1.5.0/GCCcore-11.3.0/easybuild_obj/tests && /vscmnt/brussel_pixiu_apps/_apps_brussel/CO7/zen2-ib/software/CMake/3.24.3-GCCcore-11.3.0/bin/cmake -E cmake_link_script CMakeFiles/unit_tests.dir/link.txt --verbose=1
/apps/brussel/CO7/zen2-ib/software/GCCcore/11.3.0/bin/g++ -O2 -fno-tree-vectorize -march=native -fno-math-errno -pthread -O3 -DNDEBUG -L/apps/brussel/CO7/zen2-ib/software/googletest/1.11.0-GCCcore-11.3.0/lib64 -L/apps/brussel/CO7/zen2-ib/software/googletest/1.11.0-GCCcore-11.3.0/lib -L/apps/brussel/CO7/zen2-ib/software/binutils/2.38-GCCcore-11.3.0/lib64 -L/apps/brussel/CO7/zen2-ib/software/binutils/2.38-GCCcore-11.3.0/lib -L/apps/brussel/CO7/zen2-ib/software/GCCcore/11.3.0/lib64 -L/apps/brussel/CO7/zen2-ib/software/GCCcore/11.3.0/lib -rdynamic CMakeFiles/unit_tests.dir/test_main.cpp.o -o unit_tests  /apps/brussel/CO7/zen2-ib/software/googletest/1.11.0-GCCcore-11.3.0/lib64/libgtest.so.1.11.0 -lpthread 
make[2]: Leaving directory `/tmp/vsc10800/nanoflann/1.5.0/GCCcore-11.3.0/easybuild_obj'
[100%] Built target unit_tests
make[1]: Leaving directory `/tmp/vsc10800/nanoflann/1.5.0/GCCcore-11.3.0/easybuild_obj'
/vscmnt/brussel_pixiu_apps/_apps_brussel/CO7/zen2-ib/software/CMake/3.24.3-GCCcore-11.3.0/bin/cmake -E cmake_progress_start /tmp/vsc10800/nanoflann/1.5.0/GCCcore-11.3.0/easybuild_obj/CMakeFiles 0

== 2023-10-25 12:48:47,561 build_log.py:267 INFO ... (took 38 secs)
== 2023-10-25 12:48:47,563 build_log.py:267 INFO testing...
== 2023-10-25 12:48:47,565 easyblock.py:3901 INFO Starting test step
== 2023-10-25 12:48:47,566 easyconfig.py:1690 INFO Generating template values...
== 2023-10-25 12:48:47,566 easyconfig.py:1709 INFO Template values: arch='x86_64', bitbucket_account='nanoflann', builddir='/tmp/vsc10800/nanoflann/1.5.0/GCCcore-11.3.0', github_account='jlblancoc', installdir='/scratch/brussel/108/vsc10800/easybuild/software/nanoflann/1.5.0-GCCcore-11.3.0', module_name='nanoflann/1.5.0-GCCcore-11.3.0', name='nanoflann', nameletter='n', nameletterlower='n', namelower='nanoflann', parallel='1', start_dir='/tmp/vsc10800/nanoflann/1.5.0/GCCcore-11.3.0/nanoflann-1.5.0/', toolchain_name='GCCcore', toolchain_version='11.3.0', version='1.5.0', version_major='1', version_major_minor='1.5', version_minor='5', versionprefix='', versionsuffix=''
== 2023-10-25 12:48:47,566 easyblock.py:3909 INFO Running method test_step part of step test
== 2023-10-25 12:48:47,566 environment.py:93 INFO Environment variable CTEST_OUTPUT_ON_FAILURE set to True (previously undefined)
== 2023-10-25 12:48:47,569 run.py:236 INFO running cmd:  make test  
== 2023-10-25 12:48:47,896 build_log.py:171 ERROR EasyBuild crashed with an error (at easybuild/base/exceptions.py:126 in __init__): cmd " make test " exited with exit code 2 and output:
Running tests...
/vscmnt/brussel_pixiu_apps/_apps_brussel/CO7/zen2-ib/software/CMake/3.24.3-GCCcore-11.3.0/bin/ctest --force-new-ctest-process 
Test project /tmp/vsc10800/nanoflann/1.5.0/GCCcore-11.3.0/easybuild_obj
    Start 1: unit_tests_build
1/2 Test #1: unit_tests_build .................   Passed    0.14 sec
    Start 2: unit_tests_run
2/2 Test #2: unit_tests_run ...................***Failed    0.06 sec
[==========] Running 10 tests from 1 test suite.
[----------] Global test environment set-up.
[----------] 10 tests from kdtree
[ RUN      ] kdtree.L2_vs_L2_simple
/tmp/vsc10800/nanoflann/1.5.0/GCCcore-11.3.0/nanoflann-1.5.0/tests/test_main.cpp:95: Failure
Expected equality of these values:
  out_dist_sqr1[i]
    Which is: 13.141399383544922
  out_dist_sqr[i]
    Which is: 13.141400337219238
/tmp/vsc10800/nanoflann/1.5.0/GCCcore-11.3.0/nanoflann-1.5.0/tests/test_main.cpp:95: Failure
Expected equality of these values:
  out_dist_sqr1[i]
    Which is: 23.457799911499023
  out_dist_sqr[i]
    Which is: 23.457801818847656
/tmp/vsc10800/nanoflann/1.5.0/GCCcore-11.3.0/nanoflann-1.5.0/tests/test_main.cpp:95: Failure
Expected equality of these values:
  out_dist_sqr1[i]
    Which is: 29.5093994140625
  out_dist_sqr[i]
    Which is: 29.509401321411133
[  FAILED  ] kdtree.L2_vs_L2_simple (0 ms)
[ RUN      ] kdtree.robust_empty_tree
[       OK ] kdtree.robust_empty_tree (0 ms)
[ RUN      ] kdtree.L2_vs_bruteforce
[       OK ] kdtree.L2_vs_bruteforce (1 ms)
[ RUN      ] kdtree.SO3_vs_bruteforce
[       OK ] kdtree.SO3_vs_bruteforce (1 ms)
[ RUN      ] kdtree.SO2_vs_bruteforce
[       OK ] kdtree.SO2_vs_bruteforce (0 ms)
[ RUN      ] kdtree.L2_dynamic_vs_bruteforce
[       OK ] kdtree.L2_dynamic_vs_bruteforce (1 ms)
[ RUN      ] kdtree.robust_nonempty_tree
[       OK ] kdtree.robust_nonempty_tree (0 ms)
[ RUN      ] kdtree.add_and_remove_points
[       OK ] kdtree.add_and_remove_points (0 ms)
[ RUN      ] kdtree.L2_concurrent_build_vs_bruteforce
[       OK ] kdtree.L2_concurrent_build_vs_bruteforce (25 ms)
[ RUN      ] kdtree.L2_concurrent_build_vs_L2
[       OK ] kdtree.L2_concurrent_build_vs_L2 (24 ms)
[----------] 10 tests from kdtree (55 ms total)

[----------] Global test environment tear-down
[==========] 10 tests from 1 test suite ran. (55 ms total)
[  PASSED  ] 9 tests.
[  FAILED  ] 1 test, listed below:
[  FAILED  ] kdtree.L2_vs_L2_simple

 1 FAILED TEST


50% tests passed, 1 tests failed out of 2

Total Test time (real) =   0.20 sec

The following tests FAILED:
	  2 - unit_tests_run (Failed)
Errors while running CTest
make: *** [test] Error 8
 (at easybuild/tools/run.py:643 in parse_cmd_output)
== 2023-10-25 12:48:47,897 build_log.py:267 INFO ... (took < 1 sec)
== 2023-10-25 12:48:47,899 filetools.py:2019 INFO Removing lock /scratch/brussel/108/vsc10800/easybuild/software/.locks/_scratch_brussel_108_vsc10800_easybuild_software_nanoflann_1.5.0-GCCcore-11.3.0.lock...
== 2023-10-25 12:48:47,900 filetools.py:384 INFO Path /scratch/brussel/108/vsc10800/easybuild/software/.locks/_scratch_brussel_108_vsc10800_easybuild_software_nanoflann_1.5.0-GCCcore-11.3.0.lock successfully removed.
== 2023-10-25 12:48:47,900 filetools.py:2023 INFO Lock removed: /scratch/brussel/108/vsc10800/easybuild/software/.locks/_scratch_brussel_108_vsc10800_easybuild_software_nanoflann_1.5.0-GCCcore-11.3.0.lock
== 2023-10-25 12:48:47,901 easyblock.py:4232 WARNING build failed (first 300 chars): cmd " make test " exited with exit code 2 and output:
Running tests...
/vscmnt/brussel_pixiu_apps/_apps_brussel/CO7/zen2-ib/software/CMake/3.24.3-GCCcore-11.3.0/bin/ctest --force-new-ctest-process 
Test project /tmp/vsc10800/nanoflann/1.5.0/GCCcore-11.3.0/easybuild_obj
    Start 1: unit_tests_build

== 2023-10-25 12:48:47,901 easyblock.py:328 INFO Closing log for application name nanoflann version 1.5.0
